<?xml version="1.0" encoding="UTF-8"?>
<testsuite xmlns:xsi="http://www.w3.org/2001/XMLSchema-instance" xsi:noNamespaceSchemaLocation="https://maven.apache.org/surefire/maven-surefire-plugin/xsd/surefire-test-report-3.0.xsd" version="3.0" name="runner.testrunner" time="46.159" tests="11" errors="0" skipped="0" failures="0">
  <properties>
[...]
</properties>
  <testcase name="Verify Blockchain Hash is correct from /10 to /20 endpoints of Blockchain Api Website #1" classname="Blockchain Block API Endpoint" time="5.348">
    <system-out><![CDATA[PREVIOUS: 000000008d9dc510f23c2657fc4f67bea30078cc05a90eb89e84cc475c080805
 CURRENT: 000000008d9dc510f23c2657fc4f67bea30078cc05a90eb89e84cc475c080805
]]></system-out>
    <system-err><![CDATA[Starting ChromeDriver 93.0.4577.15 (660fc11082ba57405eca2e8c49c3e1af756fbfae-refs/branch-heads/4577@{#203}) on port 47324
Only local connections are allowed.
Please see https://chromedriver.chromium.org/security-considerations for suggestions on keeping ChromeDriver safe.
ChromeDriver was started successfully.
sep 02, 2021 10:13:25 PM org.openqa.selenium.remote.ProtocolHandshake createSession
INFORMACIÓN: Detected dialect: W3C
]]></system-err>
  </testcase>
  <testcase name="Verify Blockchain Hash is correct from /10 to /20 endpoints of Blockchain Api Website #2" classname="Blockchain Block API Endpoint" time="4.805">
    <system-out><![CDATA[PREVIOUS: 000000002c05cc2e78923c34df87fd108b22221ac6076c18f3ade378a4d915e9
 CURRENT: 000000002c05cc2e78923c34df87fd108b22221ac6076c18f3ade378a4d915e9
]]></system-out>
    <system-err><![CDATA[Starting ChromeDriver 93.0.4577.15 (660fc11082ba57405eca2e8c49c3e1af756fbfae-refs/branch-heads/4577@{#203}) on port 25826
Only local connections are allowed.
Please see https://chromedriver.chromium.org/security-considerations for suggestions on keeping ChromeDriver safe.
ChromeDriver was started successfully.
sep 02, 2021 10:13:29 PM org.openqa.selenium.remote.ProtocolHandshake createSession
INFORMACIÓN: Detected dialect: W3C
]]></system-err>
  </testcase>
  <testcase name="Verify Blockchain Hash is correct from /10 to /20 endpoints of Blockchain Api Website #3" classname="Blockchain Block API Endpoint" time="4.021">
    <system-out><![CDATA[PREVIOUS: 0000000097be56d606cdd9c54b04d4747e957d3608abe69198c661f2add73073
 CURRENT: 0000000097be56d606cdd9c54b04d4747e957d3608abe69198c661f2add73073
]]></system-out>
    <system-err><![CDATA[Starting ChromeDriver 93.0.4577.15 (660fc11082ba57405eca2e8c49c3e1af756fbfae-refs/branch-heads/4577@{#203}) on port 25159
Only local connections are allowed.
Please see https://chromedriver.chromium.org/security-considerations for suggestions on keeping ChromeDriver safe.
ChromeDriver was started successfully.
sep 02, 2021 10:13:34 PM org.openqa.selenium.remote.ProtocolHandshake createSession
INFORMACIÓN: Detected dialect: W3C
]]></system-err>
  </testcase>
  <testcase name="Verify Blockchain Hash is correct from /10 to /20 endpoints of Blockchain Api Website #4" classname="Blockchain Block API Endpoint" time="3.269">
    <system-out><![CDATA[PREVIOUS: 0000000027c2488e2510d1acf4369787784fa20ee084c258b58d9fbd43802b5e
 CURRENT: 0000000027c2488e2510d1acf4369787784fa20ee084c258b58d9fbd43802b5e
]]></system-out>
    <system-err><![CDATA[Starting ChromeDriver 93.0.4577.15 (660fc11082ba57405eca2e8c49c3e1af756fbfae-refs/branch-heads/4577@{#203}) on port 28584
Only local connections are allowed.
Please see https://chromedriver.chromium.org/security-considerations for suggestions on keeping ChromeDriver safe.
ChromeDriver was started successfully.
sep 02, 2021 10:13:38 PM org.openqa.selenium.remote.ProtocolHandshake createSession
INFORMACIÓN: Detected dialect: W3C
]]></system-err>
  </testcase>
  <testcase name="Verify Blockchain Hash is correct from /10 to /20 endpoints of Blockchain Api Website #5" classname="Blockchain Block API Endpoint" time="5.158">
    <system-out><![CDATA[PREVIOUS: 000000005c51de2031a895adc145ee2242e919a01c6d61fb222a54a54b4d3089
 CURRENT: 000000005c51de2031a895adc145ee2242e919a01c6d61fb222a54a54b4d3089
]]></system-out>
    <system-err><![CDATA[Starting ChromeDriver 93.0.4577.15 (660fc11082ba57405eca2e8c49c3e1af756fbfae-refs/branch-heads/4577@{#203}) on port 17418
Only local connections are allowed.
Please see https://chromedriver.chromium.org/security-considerations for suggestions on keeping ChromeDriver safe.
ChromeDriver was started successfully.
sep 02, 2021 10:13:41 PM org.openqa.selenium.remote.ProtocolHandshake createSession
INFORMACIÓN: Detected dialect: W3C
]]></system-err>
  </testcase>
  <testcase name="Verify Blockchain Hash is correct from /10 to /20 endpoints of Blockchain Api Website #6" classname="Blockchain Block API Endpoint" time="3.548">
    <system-out><![CDATA[PREVIOUS: 0000000080f17a0c5a67f663a9bc9969eb37e81666d9321125f0e293656f8a37
 CURRENT: 0000000080f17a0c5a67f663a9bc9969eb37e81666d9321125f0e293656f8a37
]]></system-out>
    <system-err><![CDATA[Starting ChromeDriver 93.0.4577.15 (660fc11082ba57405eca2e8c49c3e1af756fbfae-refs/branch-heads/4577@{#203}) on port 41105
Only local connections are allowed.
Please see https://chromedriver.chromium.org/security-considerations for suggestions on keeping ChromeDriver safe.
ChromeDriver was started successfully.
sep 02, 2021 10:13:47 PM org.openqa.selenium.remote.ProtocolHandshake createSession
INFORMACIÓN: Detected dialect: W3C
]]></system-err>
  </testcase>
  <testcase name="Verify Blockchain Hash is correct from /10 to /20 endpoints of Blockchain Api Website #7" classname="Blockchain Block API Endpoint" time="4.929">
    <system-out><![CDATA[PREVIOUS: 00000000b3322c8c3ef7d2cf6da009a776e6a99ee65ec5a32f3f345712238473
 CURRENT: 00000000b3322c8c3ef7d2cf6da009a776e6a99ee65ec5a32f3f345712238473
]]></system-out>
    <system-err><![CDATA[Starting ChromeDriver 93.0.4577.15 (660fc11082ba57405eca2e8c49c3e1af756fbfae-refs/branch-heads/4577@{#203}) on port 22826
Only local connections are allowed.
Please see https://chromedriver.chromium.org/security-considerations for suggestions on keeping ChromeDriver safe.
ChromeDriver was started successfully.
sep 02, 2021 10:13:50 PM org.openqa.selenium.remote.ProtocolHandshake createSession
INFORMACIÓN: Detected dialect: W3C
]]></system-err>
  </testcase>
  <testcase name="Verify Blockchain Hash is correct from /10 to /20 endpoints of Blockchain Api Website #8" classname="Blockchain Block API Endpoint" time="2.843">
    <system-out><![CDATA[PREVIOUS: 00000000174a25bb399b009cc8deff1c4b3ea84df7e93affaaf60dc3416cc4f5
 CURRENT: 00000000174a25bb399b009cc8deff1c4b3ea84df7e93affaaf60dc3416cc4f5
]]></system-out>
    <system-err><![CDATA[Starting ChromeDriver 93.0.4577.15 (660fc11082ba57405eca2e8c49c3e1af756fbfae-refs/branch-heads/4577@{#203}) on port 9563
Only local connections are allowed.
Please see https://chromedriver.chromium.org/security-considerations for suggestions on keeping ChromeDriver safe.
ChromeDriver was started successfully.
sep 02, 2021 10:13:55 PM org.openqa.selenium.remote.ProtocolHandshake createSession
INFORMACIÓN: Detected dialect: W3C
]]></system-err>
  </testcase>
  <testcase name="Verify Blockchain Hash is correct from /10 to /20 endpoints of Blockchain Api Website #9" classname="Blockchain Block API Endpoint" time="3.748">
    <system-out><![CDATA[PREVIOUS: 000000003ff1d0d70147acfbef5d6a87460ff5bcfce807c2d5b6f0a66bfdf809
 CURRENT: 000000003ff1d0d70147acfbef5d6a87460ff5bcfce807c2d5b6f0a66bfdf809
]]></system-out>
    <system-err><![CDATA[Starting ChromeDriver 93.0.4577.15 (660fc11082ba57405eca2e8c49c3e1af756fbfae-refs/branch-heads/4577@{#203}) on port 13920
Only local connections are allowed.
Please see https://chromedriver.chromium.org/security-considerations for suggestions on keeping ChromeDriver safe.
ChromeDriver was started successfully.
sep 02, 2021 10:13:58 PM org.openqa.selenium.remote.ProtocolHandshake createSession
INFORMACIÓN: Detected dialect: W3C
]]></system-err>
  </testcase>
  <testcase name="Verify Blockchain Hash is correct from /10 to /20 endpoints of Blockchain Api Website #10" classname="Blockchain Block API Endpoint" time="3.76">
    <system-out><![CDATA[PREVIOUS: 000000008693e98cf893e4c85a446b410bb4dfa129bd1be582c09ed3f0261116
 CURRENT: 000000008693e98cf893e4c85a446b410bb4dfa129bd1be582c09ed3f0261116
]]></system-out>
    <system-err><![CDATA[Starting ChromeDriver 93.0.4577.15 (660fc11082ba57405eca2e8c49c3e1af756fbfae-refs/branch-heads/4577@{#203}) on port 17170
Only local connections are allowed.
Please see https://chromedriver.chromium.org/security-considerations for suggestions on keeping ChromeDriver safe.
ChromeDriver was started successfully.
sep 02, 2021 10:14:02 PM org.openqa.selenium.remote.ProtocolHandshake createSession
INFORMACIÓN: Detected dialect: W3C
]]></system-err>
  </testcase>
  <testcase name="Verify Blockchain Hash is correct from /10 to /20 endpoints of Blockchain Api Website #11" classname="Blockchain Block API Endpoint" time="3.929">
    <system-out><![CDATA[PREVIOUS: 00000000841cb802ca97cf20fb9470480cae9e5daa5d06b4a18ae2d5dd7f186f
 CURRENT: 00000000841cb802ca97cf20fb9470480cae9e5daa5d06b4a18ae2d5dd7f186f
]]></system-out>
    <system-err><![CDATA[Starting ChromeDriver 93.0.4577.15 (660fc11082ba57405eca2e8c49c3e1af756fbfae-refs/branch-heads/4577@{#203}) on port 44750
Only local connections are allowed.
Please see https://chromedriver.chromium.org/security-considerations for suggestions on keeping ChromeDriver safe.
ChromeDriver was started successfully.
sep 02, 2021 10:14:05 PM org.openqa.selenium.remote.ProtocolHandshake createSession
INFORMACIÓN: Detected dialect: W3C
]]></system-err>
  </testcase>
</testsuite>